<?xml version="1.0" encoding="UTF-8"?>
<!-- Generated by org.testng.reporters.JUnitReportReporter -->
<testsuite hostname="DESKTOP-R9FEGS1" failures="0" tests="1" name="Ecom.Shop.AppTest" time="0.027" errors="0" timestamp="2025-01-14T14:41:14 IST" skipped="0">
  <testcase classname="Ecom.Shop.AppTest" name="shouldAnswerWithTrue" time="0.027"/>
</testsuite> <!-- Ecom.Shop.AppTest -->
